Flow report for nios_blink
Sat Jun 10 18:06:58 2023
Quartus Prime Version 20.1.1 Build 720 11/11/2020 SJ Lite Edition


---------------------
; Table of Contents ;
---------------------
  1. Legal Notice
  2. Flow Summary
  3. Flow Settings
  4. Flow Non-Default Global Settings
  5. Flow Elapsed Time
  6. Flow OS Summary
  7. Flow Log
  8. Flow Messages
  9. Flow Suppressed Messages



----------------
; Legal Notice ;
----------------
Copyright (C) 2020  Intel Corporation. All rights reserved.
Your use of Intel Corporation's design tools, logic functions 
and other software and tools, and any partner logic 
functions, and any output files from any of the foregoing 
(including device programming or simulation files), and any 
associated documentation or information are expressly subject 
to the terms and conditions of the Intel Program License 
Subscription Agreement, the Intel Quartus Prime License Agreement,
the Intel FPGA IP License Agreement, or other applicable license
agreement, including, without limitation, that your use is for
the sole purpose of programming logic devices manufactured by
Intel and sold by Intel or its authorized distributors.  Please
refer to the applicable agreement for further details, at
https://fpgasoftware.intel.com/eula.



+----------------------------------------------------------------------------------+
; Flow Summary                                                                     ;
+------------------------------------+---------------------------------------------+
; Flow Status                        ; Successful - Sat Jun 10 18:06:54 2023       ;
; Quartus Prime Version              ; 20.1.1 Build 720 11/11/2020 SJ Lite Edition ;
; Revision Name                      ; nios_blink                                  ;
; Top-level Entity Name              ; nios_blink                                  ;
; Family                             ; Cyclone IV E                                ;
; Device                             ; EP4CE6E22C8                                 ;
; Timing Models                      ; Final                                       ;
; Total logic elements               ; 1,707 / 6,272 ( 27 % )                      ;
;     Total combinational functions  ; 1,600 / 6,272 ( 26 % )                      ;
;     Dedicated logic registers      ; 879 / 6,272 ( 14 % )                        ;
; Total registers                    ; 879                                         ;
; Total pins                         ; 6 / 92 ( 7 % )                              ;
; Total virtual pins                 ; 0                                           ;
; Total memory bits                  ; 175,104 / 276,480 ( 63 % )                  ;
; Embedded Multiplier 9-bit elements ; 0 / 30 ( 0 % )                              ;
; Total PLLs                         ; 0 / 2 ( 0 % )                               ;
+------------------------------------+---------------------------------------------+


+-----------------------------------------+
; Flow Settings                           ;
+-------------------+---------------------+
; Option            ; Setting             ;
+-------------------+---------------------+
; Start date & time ; 06/10/2023 18:06:03 ;
; Main task         ; Compilation         ;
; Revision Name     ; nios_blink          ;
+-------------------+---------------------+


+-----------------------------------------------------------------------------------------------------------------------------------------------+
; Flow Non-Default Global Settings                                                                                                              ;
+-------------------------------------+--------------------------------------------------------------+---------------+-------------+------------+
; Assignment Name                     ; Value                                                        ; Default Value ; Entity Name ; Section Id ;
+-------------------------------------+--------------------------------------------------------------+---------------+-------------+------------+
; COMPILER_SIGNATURE_ID               ; 273440545781673.168641316202240                              ; --            ; --          ; --         ;
; MAX_CORE_JUNCTION_TEMP              ; 85                                                           ; --            ; --          ; --         ;
; MIN_CORE_JUNCTION_TEMP              ; 0                                                            ; --            ; --          ; --         ;
; MISC_FILE                           ; nios_blink/synthesis/../nios_blink.cmp                       ; --            ; --          ; --         ;
; MISC_FILE                           ; nios_blink/synthesis/../../nios_blink.qsys                   ; --            ; --          ; --         ;
; NOMINAL_CORE_SUPPLY_VOLTAGE         ; 1.2V                                                         ; --            ; --          ; --         ;
; PARTITION_COLOR                     ; -- (Not supported for targeted family)                       ; --            ; --          ; Top        ;
; PARTITION_FITTER_PRESERVATION_LEVEL ; -- (Not supported for targeted family)                       ; --            ; --          ; Top        ;
; PARTITION_NETLIST_TYPE              ; -- (Not supported for targeted family)                       ; --            ; --          ; Top        ;
; POWER_BOARD_THERMAL_MODEL           ; None (CONSERVATIVE)                                          ; --            ; --          ; --         ;
; POWER_PRESET_COOLING_SOLUTION       ; 23 MM HEAT SINK WITH 200 LFPM AIRFLOW                        ; --            ; --          ; --         ;
; PROJECT_OUTPUT_DIRECTORY            ; output_files                                                 ; --            ; --          ; --         ;
; SLD_FILE                            ; nios_blink/synthesis/nios_blink.regmap                       ; --            ; --          ; --         ;
; SLD_FILE                            ; nios_blink/synthesis/nios_blink.debuginfo                    ; --            ; --          ; --         ;
; SLD_INFO                            ; QSYS_NAME nios_blink HAS_SOPCINFO 1 GENERATION_ID 1686413071 ; --            ; --          ; --         ;
; SOPCINFO_FILE                       ; nios_blink/synthesis/../../nios_blink.sopcinfo               ; --            ; --          ; --         ;
; SYNTHESIS_ONLY_QIP                  ; On                                                           ; --            ; --          ; --         ;
+-------------------------------------+--------------------------------------------------------------+---------------+-------------+------------+


+--------------------------------------------------------------------------------------------------------------------------+
; Flow Elapsed Time                                                                                                        ;
+----------------------+--------------+-------------------------+---------------------+------------------------------------+
; Module Name          ; Elapsed Time ; Average Processors Used ; Peak Virtual Memory ; Total CPU Time (on all processors) ;
+----------------------+--------------+-------------------------+---------------------+------------------------------------+
; Analysis & Synthesis ; 00:00:34     ; 1.0                     ; 4875 MB             ; 00:00:57                           ;
; Fitter               ; 00:00:10     ; 1.1                     ; 5538 MB             ; 00:00:12                           ;
; Assembler            ; 00:00:01     ; 1.0                     ; 4690 MB             ; 00:00:02                           ;
; Timing Analyzer      ; 00:00:03     ; 1.2                     ; 4783 MB             ; 00:00:03                           ;
; Total                ; 00:00:48     ; --                      ; --                  ; 00:01:14                           ;
+----------------------+--------------+-------------------------+---------------------+------------------------------------+


+------------------------------------------------------------------------------------+
; Flow OS Summary                                                                    ;
+----------------------+------------------+------------+------------+----------------+
; Module Name          ; Machine Hostname ; OS Name    ; OS Version ; Processor type ;
+----------------------+------------------+------------+------------+----------------+
; Analysis & Synthesis ; DESKTOP-1O8PMV2  ; Windows 10 ; 10.0       ; x86_64         ;
; Fitter               ; DESKTOP-1O8PMV2  ; Windows 10 ; 10.0       ; x86_64         ;
; Assembler            ; DESKTOP-1O8PMV2  ; Windows 10 ; 10.0       ; x86_64         ;
; Timing Analyzer      ; DESKTOP-1O8PMV2  ; Windows 10 ; 10.0       ; x86_64         ;
+----------------------+------------------+------------+------------+----------------+


------------
; Flow Log ;
------------
quartus_map --read_settings_files=on --write_settings_files=off nios_blink -c nios_blink
quartus_fit --read_settings_files=off --write_settings_files=off nios_blink -c nios_blink
quartus_asm --read_settings_files=off --write_settings_files=off nios_blink -c nios_blink
quartus_sta nios_blink -c nios_blink



